<?xml version="1.0" encoding="UTF-8" standalone="no"?>
<testsuite errors="0" failures="1" name="io.cucumber.core.plugin.JUnitFormatter" skipped="0" tests="1" time="11.494">
    <testcase classname="US_005 Hastalar (patients), hastahaneden randevu (Appointment) oluşturabilmelidir." name="TC_009 Kullanıcı negatif durumlari test eder." time="10.852">
        <failure message="Step [Email kutusuna tiklanir, bos birakilirsa Your email is required yazisinin ciktigi dogrulanir] is defined with 1 parameters at 'stepDefinitions.uiStepDefinitions.US_005_UI_StepDefinition.email_kutusuna_tiklanir_bos_birakilirsa_yazisinin_ciktigi_dogrulanir(java.lang.String)'.&#10;However, the gherkin step has 0 arguments.&#10;Step text: Email kutusuna tiklanir, bos birakilirsa Your email is required yazisinin ciktigi dogrulanir" type="io.cucumber.core.exception.CucumberException"><![CDATA[Given medunna.com sayfasina gidilir.........................................passed
And 'Make an appointment' butonuna tiklanir.................................passed
Then First name kutusuna tiklanir, bos birakilirsa Your Firstname is required yazisinin ciktigi dogrulanir.passed
And Last name kutusuna tiklanir, bos birakilirsa Your Lastname is required yazisinin ciktigi dogrulanir.passed
And SSN kutusuna tiklanir, bos birakilirsa Your SSN is required yazisinin ciktigi dogrulanir.passed
And Email kutusuna tiklanir, bos birakilirsa Your email is required yazisinin ciktigi dogrulanir.failed
And Phone kutusuna tiklanir, bos birakilirsa Phone number is required yazisinin ciktigi dogrulanir.skipped
And (su)Sayfa kapatilir.....................................................skipped

StackTrace:
io.cucumber.core.exception.CucumberException: Step [Email kutusuna tiklanir, bos birakilirsa Your email is required yazisinin ciktigi dogrulanir] is defined with 1 parameters at 'stepDefinitions.uiStepDefinitions.US_005_UI_StepDefinition.email_kutusuna_tiklanir_bos_birakilirsa_yazisinin_ciktigi_dogrulanir(java.lang.String)'.
However, the gherkin step has 0 arguments.
Step text: Email kutusuna tiklanir, bos birakilirsa Your email is required yazisinin ciktigi dogrulanir
	at io.cucumber.core.runner.PickleStepDefinitionMatch.arityMismatch(PickleStepDefinitionMatch.java:83)
	at io.cucumber.core.runner.PickleStepDefinitionMatch.runStep(PickleStepDefinitionMatch.java:42)
	at io.cucumber.core.runner.ExecutionMode$1.execute(ExecutionMode.java:10)
	at io.cucumber.core.runner.TestStep.executeStep(TestStep.java:86)
	at io.cucumber.core.runner.TestStep.run(TestStep.java:57)
	at io.cucumber.core.runner.PickleStepTestStep.run(PickleStepTestStep.java:51)
	at io.cucumber.core.runner.TestCase.run(TestCase.java:95)
	at io.cucumber.core.runner.Runner.runPickle(Runner.java:75)
	at io.cucumber.junit.PickleRunners$NoStepDescriptions.lambda$run$0(PickleRunners.java:151)
	at io.cucumber.core.runtime.CucumberExecutionContext.lambda$runTestCase$3(CucumberExecutionContext.java:151)
	at io.cucumber.core.runtime.RethrowingThrowableCollector.executeAndThrow(RethrowingThrowableCollector.java:23)
	at io.cucumber.core.runtime.CucumberExecutionContext.runTestCase(CucumberExecutionContext.java:151)
	at io.cucumber.junit.PickleRunners$NoStepDescriptions.run(PickleRunners.java:148)
	at io.cucumber.junit.FeatureRunner.runChild(FeatureRunner.java:144)
	at io.cucumber.junit.FeatureRunner.runChild(FeatureRunner.java:28)
	at org.junit.runners.ParentRunner$4.run(ParentRunner.java:331)
	at org.junit.runners.ParentRunner$1.schedule(ParentRunner.java:79)
	at org.junit.runners.ParentRunner.runChildren(ParentRunner.java:329)
	at org.junit.runners.ParentRunner.access$100(ParentRunner.java:66)
	at org.junit.runners.ParentRunner$2.evaluate(ParentRunner.java:293)
	at org.junit.runners.ParentRunner$3.evaluate(ParentRunner.java:306)
	at org.junit.runners.ParentRunner.run(ParentRunner.java:413)
	at io.cucumber.junit.FeatureRunner.run(FeatureRunner.java:137)
	at io.cucumber.junit.Cucumber.runChild(Cucumber.java:196)
	at io.cucumber.junit.Cucumber.runChild(Cucumber.java:89)
	at org.junit.runners.ParentRunner$4.run(ParentRunner.java:331)
	at org.junit.runners.ParentRunner$1.schedule(ParentRunner.java:79)
	at org.junit.runners.ParentRunner.runChildren(ParentRunner.java:329)
	at org.junit.runners.ParentRunner.access$100(ParentRunner.java:66)
	at org.junit.runners.ParentRunner$2.evaluate(ParentRunner.java:293)
	at io.cucumber.junit.Cucumber$RunBeforeAllHooks.evaluate(Cucumber.java:266)
	at io.cucumber.junit.Cucumber$RunAfterAllHooks.evaluate(Cucumber.java:281)
	at io.cucumber.junit.Cucumber$StartTestRun.evaluate(Cucumber.java:233)
	at io.cucumber.junit.Cucumber$FinishTestRun.evaluate(Cucumber.java:248)
	at org.junit.runners.ParentRunner$3.evaluate(ParentRunner.java:306)
	at org.junit.runners.ParentRunner.run(ParentRunner.java:413)
	at org.junit.runner.JUnitCore.run(JUnitCore.java:137)
	at com.intellij.junit4.JUnit4IdeaTestRunner.startRunnerWithArgs(JUnit4IdeaTestRunner.java:69)
	at com.intellij.rt.junit.IdeaTestRunner$Repeater$1.execute(IdeaTestRunner.java:38)
	at com.intellij.rt.execution.junit.TestsRepeater.repeat(TestsRepeater.java:11)
	at com.intellij.rt.junit.IdeaTestRunner$Repeater.startRunnerWithArgs(IdeaTestRunner.java:35)
	at com.intellij.rt.junit.JUnitStarter.prepareStreamsAndStart(JUnitStarter.java:235)
	at com.intellij.rt.junit.JUnitStarter.main(JUnitStarter.java:54)
]]></failure>
    </testcase>
</testsuite>
